<?xml version="1.0" encoding="UTF-8"?>
<testsuite name="com.symantec.cms.service.TestContactService" tests="11" skipped="0" failures="0" errors="0" timestamp="2017-12-05T20:22:47" hostname="INPUHJLP08134" time="0.18">
  <properties/>
  <testcase name="testDuplicateContactData" classname="com.symantec.cms.service.TestContactService" time="0.068"/>
  <testcase name="testUpdateContactInvalidData" classname="com.symantec.cms.service.TestContactService" time="0.004"/>
  <testcase name="testContactListValidData" classname="com.symantec.cms.service.TestContactService" time="0.004"/>
  <testcase name="testAddMultipleContactValidData" classname="com.symantec.cms.service.TestContactService" time="0.004"/>
  <testcase name="testDeleteContactValidData" classname="com.symantec.cms.service.TestContactService" time="0.008"/>
  <testcase name="testUpdateContactValidData" classname="com.symantec.cms.service.TestContactService" time="0.008"/>
  <testcase name="testLookupContact" classname="com.symantec.cms.service.TestContactService" time="0.008"/>
  <testcase name="testSyncContactValidData" classname="com.symantec.cms.service.TestContactService" time="0.008"/>
  <testcase name="testLookupContactInvalidSearch" classname="com.symantec.cms.service.TestContactService" time="0.016"/>
  <testcase name="testContactListInvalidData" classname="com.symantec.cms.service.TestContactService" time="0.008"/>
  <testcase name="testAddContactValidData" classname="com.symantec.cms.service.TestContactService" time="0.004"/>
  <system-out><![CDATA[01:52:43.000 [Test worker] DEBUG org.springframework.test.context.junit4.SpringJUnit4ClassRunner - SpringJUnit4ClassRunner constructor called with [class com.symantec.cms.service.TestContactService]
01:52:43.000 [Test worker] DEBUG org.springframework.test.context.BootstrapUtils - Instantiating CacheAwareContextLoaderDelegate from class [org.springframework.test.context.cache.DefaultCacheAwareContextLoaderDelegate]
01:52:43.000 [Test worker] DEBUG org.springframework.test.context.BootstrapUtils - Instantiating BootstrapContext using constructor [public org.springframework.test.context.support.DefaultBootstrapContext(java.lang.Class,org.springframework.test.context.CacheAwareContextLoaderDelegate)]
01:52:43.000 [Test worker] DEBUG org.springframework.test.context.BootstrapUtils - Instantiating TestContextBootstrapper for test class [com.symantec.cms.service.TestContactService] from class [org.springframework.boot.test.context.SpringBootTestContextBootstrapper]
01:52:43.000 [Test worker] INFO org.springframework.boot.test.context.SpringBootTestContextBootstrapper - Neither @ContextConfiguration nor @ContextHierarchy found for test class [com.symantec.cms.service.TestContactService], using SpringBootContextLoader
01:52:43.000 [Test worker] DEBUG org.springframework.test.context.support.AbstractContextLoader - Did not detect default resource location for test class [com.symantec.cms.service.TestContactService]: class path resource [com/symantec/cms/service/TestContactService-context.xml] does not exist
01:52:43.004 [Test worker] DEBUG org.springframework.test.context.support.AbstractContextLoader - Did not detect default resource location for test class [com.symantec.cms.service.TestContactService]: class path resource [com/symantec/cms/service/TestContactServiceContext.groovy] does not exist
01:52:43.004 [Test worker] INFO org.springframework.test.context.support.AbstractContextLoader - Could not detect default resource locations for test class [com.symantec.cms.service.TestContactService]: no resource found for suffixes {-context.xml, Context.groovy}.
01:52:43.004 [Test worker] INFO org.springframework.test.context.support.AnnotationConfigContextLoaderUtils - Could not detect default configuration classes for test class [com.symantec.cms.service.TestContactService]: TestContactService does not declare any static, non-private, non-final, nested classes annotated with @Configuration.
01:52:43.008 [Test worker] DEBUG org.springframework.test.context.support.ActiveProfilesUtils - Could not find an 'annotation declaring class' for annotation type [org.springframework.test.context.ActiveProfiles] and class [com.symantec.cms.service.TestContactService]
01:52:43.012 [Test worker] DEBUG org.springframework.core.env.StandardEnvironment - Adding [systemProperties] PropertySource with lowest search precedence
01:52:43.012 [Test worker] DEBUG org.springframework.core.env.StandardEnvironment - Adding [systemEnvironment] PropertySource with lowest search precedence
01:52:43.012 [Test worker] DEBUG org.springframework.core.env.StandardEnvironment - Initialized StandardEnvironment with PropertySources [systemProperties,systemEnvironment]
01:52:43.012 [Test worker] DEBUG org.springframework.core.io.support.PathMatchingResourcePatternResolver - Resolved classpath location [com/symantec/cms/service/] to resources [URL [file:/C:/Users/rd00488188/eclipse-workspace/ContactManagementSystem/build/classes/test/com/symantec/cms/service/], URL [file:/C:/Users/rd00488188/eclipse-workspace/ContactManagementSystem/build/classes/main/com/symantec/cms/service/]]
01:52:43.012 [Test worker] DEBUG org.springframework.core.io.support.PathMatchingResourcePatternResolver - Looking for matching resources in directory tree [C:\Users\rd00488188\eclipse-workspace\ContactManagementSystem\build\classes\test\com\symantec\cms\service]
01:52:43.012 [Test worker] DEBUG org.springframework.core.io.support.PathMatchingResourcePatternResolver - Searching directory [C:\Users\rd00488188\eclipse-workspace\ContactManagementSystem\build\classes\test\com\symantec\cms\service] for files matching pattern [C:/Users/rd00488188/eclipse-workspace/ContactManagementSystem/build/classes/test/com/symantec/cms/service/*.class]
01:52:43.012 [Test worker] DEBUG org.springframework.core.io.support.PathMatchingResourcePatternResolver - Looking for matching resources in directory tree [C:\Users\rd00488188\eclipse-workspace\ContactManagementSystem\build\classes\main\com\symantec\cms\service]
01:52:43.012 [Test worker] DEBUG org.springframework.core.io.support.PathMatchingResourcePatternResolver - Searching directory [C:\Users\rd00488188\eclipse-workspace\ContactManagementSystem\build\classes\main\com\symantec\cms\service] for files matching pattern [C:/Users/rd00488188/eclipse-workspace/ContactManagementSystem/build/classes/main/com/symantec/cms/service/*.class]
01:52:43.016 [Test worker] DEBUG org.springframework.core.io.support.PathMatchingResourcePatternResolver - Resolved location pattern [classpath*:com/symantec/cms/service/*.class] to resources [file [C:\Users\rd00488188\eclipse-workspace\ContactManagementSystem\build\classes\test\com\symantec\cms\service\TestContactService.class], file [C:\Users\rd00488188\eclipse-workspace\ContactManagementSystem\build\classes\main\com\symantec\cms\service\ContactManagementServiceImpl.class], file [C:\Users\rd00488188\eclipse-workspace\ContactManagementSystem\build\classes\main\com\symantec\cms\service\IContactManagement.class]]
01:52:43.020 [Test worker] DEBUG org.springframework.core.io.support.PathMatchingResourcePatternResolver - Resolved classpath location [com/symantec/cms/] to resources [URL [file:/C:/Users/rd00488188/eclipse-workspace/ContactManagementSystem/build/classes/test/com/symantec/cms/], URL [file:/C:/Users/rd00488188/eclipse-workspace/ContactManagementSystem/build/classes/main/com/symantec/cms/]]
01:52:43.020 [Test worker] DEBUG org.springframework.core.io.support.PathMatchingResourcePatternResolver - Looking for matching resources in directory tree [C:\Users\rd00488188\eclipse-workspace\ContactManagementSystem\build\classes\test\com\symantec\cms]
01:52:43.020 [Test worker] DEBUG org.springframework.core.io.support.PathMatchingResourcePatternResolver - Searching directory [C:\Users\rd00488188\eclipse-workspace\ContactManagementSystem\build\classes\test\com\symantec\cms] for files matching pattern [C:/Users/rd00488188/eclipse-workspace/ContactManagementSystem/build/classes/test/com/symantec/cms/*.class]
01:52:43.020 [Test worker] DEBUG org.springframework.core.io.support.PathMatchingResourcePatternResolver - Looking for matching resources in directory tree [C:\Users\rd00488188\eclipse-workspace\ContactManagementSystem\build\classes\main\com\symantec\cms]
01:52:43.020 [Test worker] DEBUG org.springframework.core.io.support.PathMatchingResourcePatternResolver - Searching directory [C:\Users\rd00488188\eclipse-workspace\ContactManagementSystem\build\classes\main\com\symantec\cms] for files matching pattern [C:/Users/rd00488188/eclipse-workspace/ContactManagementSystem/build/classes/main/com/symantec/cms/*.class]
01:52:43.024 [Test worker] DEBUG org.springframework.core.io.support.PathMatchingResourcePatternResolver - Resolved location pattern [classpath*:com/symantec/cms/*.class] to resources [file [C:\Users\rd00488188\eclipse-workspace\ContactManagementSystem\build\classes\test\com\symantec\cms\ContactApplicationTests.class], file [C:\Users\rd00488188\eclipse-workspace\ContactManagementSystem\build\classes\main\com\symantec\cms\ContactManagementApplication.class]]
01:52:43.024 [Test worker] DEBUG org.springframework.context.annotation.ClassPathScanningCandidateComponentProvider - Identified candidate component class: file [C:\Users\rd00488188\eclipse-workspace\ContactManagementSystem\build\classes\main\com\symantec\cms\ContactManagementApplication.class]
01:52:43.024 [Test worker] INFO org.springframework.boot.test.context.SpringBootTestContextBootstrapper - Found @SpringBootConfiguration com.symantec.cms.ContactManagementApplication for test class com.symantec.cms.service.TestContactService
01:52:43.028 [Test worker] DEBUG org.springframework.boot.test.context.SpringBootTestContextBootstrapper - @TestExecutionListeners is not present for class [com.symantec.cms.service.TestContactService]: using defaults.
01:52:43.032 [Test worker] INFO org.springframework.boot.test.context.SpringBootTestContextBootstrapper - Loaded default TestExecutionListener class names from location [META-INF/spring.factories]: [org.springframework.boot.test.mock.mockito.MockitoTestExecutionListener, org.springframework.boot.test.mock.mockito.ResetMocksTestExecutionListener, org.springframework.boot.test.autoconfigure.restdocs.RestDocsTestExecutionListener, org.springframework.boot.test.autoconfigure.web.client.MockRestServiceServerResetTestExecutionListener, org.springframework.boot.test.autoconfigure.web.servlet.MockMvcPrintOnlyOnFailureTestExecutionListener, org.springframework.boot.test.autoconfigure.web.servlet.WebDriverTestExecutionListener, org.springframework.test.context.web.ServletTestExecutionListener, org.springframework.test.context.support.DirtiesContextBeforeModesTestExecutionListener, org.springframework.test.context.support.DependencyInjectionTestExecutionListener, org.springframework.test.context.support.DirtiesContextTestExecutionListener, org.springframework.test.context.transaction.TransactionalTestExecutionListener, org.springframework.test.context.jdbc.SqlScriptsTestExecutionListener]
01:52:43.032 [Test worker] INFO org.springframework.boot.test.context.SpringBootTestContextBootstrapper - Could not instantiate TestExecutionListener [org.springframework.test.context.jdbc.SqlScriptsTestExecutionListener]. Specify custom listener classes or make the default listener classes (and their required dependencies) available. Offending class: [org/springframework/transaction/interceptor/TransactionAttribute]
01:52:43.036 [Test worker] INFO org.springframework.boot.test.context.SpringBootTestContextBootstrapper - Could not instantiate TestExecutionListener [org.springframework.test.context.transaction.TransactionalTestExecutionListener]. Specify custom listener classes or make the default listener classes (and their required dependencies) available. Offending class: [org/springframework/transaction/interceptor/TransactionAttributeSource]
01:52:43.036 [Test worker] INFO org.springframework.boot.test.context.SpringBootTestContextBootstrapper - Using TestExecutionListeners: [org.springframework.test.context.web.ServletTestExecutionListener@31418f60, org.springframework.test.context.support.DirtiesContextBeforeModesTestExecutionListener@cde23f8, org.springframework.boot.test.autoconfigure.SpringBootDependencyInjectionTestExecutionListener@38efc20e, org.springframework.test.context.support.DirtiesContextTestExecutionListener@4cb9b5c7, org.springframework.boot.test.autoconfigure.web.client.MockRestServiceServerResetTestExecutionListener@713e19bf, org.springframework.boot.test.mock.mockito.ResetMocksTestExecutionListener@c823583, org.springframework.boot.test.autoconfigure.restdocs.RestDocsTestExecutionListener@4abb79af, org.springframework.boot.test.autoconfigure.web.servlet.WebDriverTestExecutionListener@4badfab2, org.springframework.boot.test.mock.mockito.MockitoTestExecutionListener@4adff199, org.springframework.boot.test.autoconfigure.web.servlet.MockMvcPrintOnlyOnFailureTestExecutionListener@57ecfb6c]
01:52:43.036 [Test worker] DEBUG org.springframework.test.annotation.ProfileValueUtils - Retrieved @ProfileValueSourceConfiguration [null] for test class [com.symantec.cms.service.TestContactService]
01:52:43.036 [Test worker] DEBUG org.springframework.test.annotation.ProfileValueUtils - Retrieved ProfileValueSource type [class org.springframework.test.annotation.SystemProfileValueSource] for class [com.symantec.cms.service.TestContactService]
01:52:43.040 [Test worker] DEBUG org.springframework.test.annotation.ProfileValueUtils - Retrieved @ProfileValueSourceConfiguration [null] for test class [com.symantec.cms.service.TestContactService]
01:52:43.040 [Test worker] DEBUG org.springframework.test.annotation.ProfileValueUtils - Retrieved ProfileValueSource type [class org.springframework.test.annotation.SystemProfileValueSource] for class [com.symantec.cms.service.TestContactService]
01:52:43.040 [Test worker] DEBUG org.springframework.test.annotation.ProfileValueUtils - Retrieved @ProfileValueSourceConfiguration [null] for test class [com.symantec.cms.service.TestContactService]
01:52:43.040 [Test worker] DEBUG org.springframework.test.annotation.ProfileValueUtils - Retrieved ProfileValueSource type [class org.springframework.test.annotation.SystemProfileValueSource] for class [com.symantec.cms.service.TestContactService]
01:52:43.044 [Test worker] DEBUG org.springframework.test.context.support.AbstractDirtiesContextTestExecutionListener - Before test class: context [DefaultTestContext@504671e0 testClass = TestContactService, testInstance = [null], testMethod = [null], testException = [null], mergedContextConfiguration = [WebMergedContextConfiguration@184156ec testClass = TestContactService, locations = '{}', classes = '{class com.symantec.cms.ContactManagementApplication}', contextInitializerClasses = '[]', activeProfiles = '{}', propertySourceLocations = '{}', propertySourceProperties = '{org.springframework.boot.test.context.SpringBootTestContextBootstrapper=true}', contextCustomizers = set[org.springframework.boot.test.context.SpringBootTestContextCustomizer@4f063947, org.springframework.boot.test.context.filter.ExcludeFilterContextCustomizer@2e1f702b, org.springframework.boot.test.json.DuplicateJsonObjectContextCustomizerFactory$DuplicateJsonObjectContextCustomizer@383d6d51, org.springframework.boot.test.mock.mockito.MockitoContextCustomizer@0, org.springframework.boot.test.autoconfigure.properties.PropertyMappingContextCustomizer@0, org.springframework.boot.test.autoconfigure.web.servlet.WebDriverContextCustomizerFactory$Customizer@4ce6a8ab], resourceBasePath = 'src/main/webapp', contextLoader = 'org.springframework.boot.test.context.SpringBootContextLoader', parent = [null]]], class annotated with @DirtiesContext [false] with mode [null].
01:52:43.048 [Test worker] DEBUG org.springframework.test.annotation.ProfileValueUtils - Retrieved @ProfileValueSourceConfiguration [null] for test class [com.symantec.cms.service.TestContactService]
01:52:43.048 [Test worker] DEBUG org.springframework.test.annotation.ProfileValueUtils - Retrieved ProfileValueSource type [class org.springframework.test.annotation.SystemProfileValueSource] for class [com.symantec.cms.service.TestContactService]
01:52:43.112 [Test worker] DEBUG org.springframework.core.env.StandardEnvironment - Adding [systemProperties] PropertySource with lowest search precedence
01:52:43.112 [Test worker] DEBUG org.springframework.core.env.StandardEnvironment - Adding [systemEnvironment] PropertySource with lowest search precedence
01:52:43.112 [Test worker] DEBUG org.springframework.core.env.StandardEnvironment - Initialized StandardEnvironment with PropertySources [systemProperties,systemEnvironment]
01:52:43.112 [Test worker] DEBUG org.springframework.core.env.MutablePropertySources - Adding [inline] PropertySource with highest search precedence
01:52:43.120 [Test worker] DEBUG org.springframework.test.context.support.TestPropertySourceUtils - Adding inlined properties to environment: {spring.jmx.enabled=false, org.springframework.boot.test.context.SpringBootTestContextBootstrapper=true, server.port=-1}
01:52:43.120 [Test worker] DEBUG org.springframework.core.env.StandardEnvironment - Adding [Inlined Test Properties] PropertySource with highest search precedence

  .   ____          _            __ _ _
 /\\ / ___'_ __ _ _(_)_ __  __ _ \ \ \ \
( ( )\___ | '_ | '_| | '_ \/ _` | \ \ \ \
 \\/  ___)| |_)| | | | | || (_| |  ) ) ) )
  '  |____| .__|_| |_|_| |_\__, | / / / /
 =========|_|==============|___/=/_/_/_/
 :: Spring Boot ::        (v1.5.4.RELEASE)

2017-12-06 01:52:43.472  INFO 14936 --- [    Test worker] c.s.cms.service.TestContactService       : Starting TestContactService on INPUHJLP08134 with PID 14936 (started by RD00488188 in C:\Users\rd00488188\eclipse-workspace\ContactManagementSystem)
2017-12-06 01:52:43.472  INFO 14936 --- [    Test worker] c.s.cms.service.TestContactService       : No active profile set, falling back to default profiles: default
2017-12-06 01:52:43.548  INFO 14936 --- [    Test worker] o.s.w.c.s.GenericWebApplicationContext   : Refreshing org.springframework.web.context.support.GenericWebApplicationContext@4de0769d: startup date [Wed Dec 06 01:52:43 IST 2017]; root of context hierarchy
2017-12-06 01:52:46.412  INFO 14936 --- [    Test worker] s.w.s.m.m.a.RequestMappingHandlerAdapter : Looking for @ControllerAdvice: org.springframework.web.context.support.GenericWebApplicationContext@4de0769d: startup date [Wed Dec 06 01:52:43 IST 2017]; root of context hierarchy
2017-12-06 01:52:46.536  INFO 14936 --- [    Test worker] s.w.s.m.m.a.RequestMappingHandlerMapping : Mapped "{[/contact/device],methods=[GET]}" onto public java.util.List<com.symantec.cms.domain.Contact> com.symantec.cms.rest.service.ContactRestService.syncContact(java.lang.String)
2017-12-06 01:52:46.536  INFO 14936 --- [    Test worker] s.w.s.m.m.a.RequestMappingHandlerMapping : Mapped "{[/contact],methods=[DELETE]}" onto public void com.symantec.cms.rest.service.ContactRestService.updateContact(java.lang.String,java.lang.String)
2017-12-06 01:52:46.536  INFO 14936 --- [    Test worker] s.w.s.m.m.a.RequestMappingHandlerMapping : Mapped "{[/contact],methods=[PUT]}" onto public com.symantec.cms.domain.Contact com.symantec.cms.rest.service.ContactRestService.updateContact(com.symantec.cms.domain.Contact,java.lang.String,java.lang.String,java.lang.String)
2017-12-06 01:52:46.540  INFO 14936 --- [    Test worker] s.w.s.m.m.a.RequestMappingHandlerMapping : Mapped "{[/contact],methods=[GET]}" onto public com.symantec.cms.domain.Contact com.symantec.cms.rest.service.ContactRestService.lookupContact(java.lang.String,java.lang.String)
2017-12-06 01:52:46.540  INFO 14936 --- [    Test worker] s.w.s.m.m.a.RequestMappingHandlerMapping : Mapped "{[/contact],methods=[POST]}" onto public com.symantec.cms.domain.Contact com.symantec.cms.rest.service.ContactRestService.addContact(com.symantec.cms.domain.Contact)
2017-12-06 01:52:46.540  INFO 14936 --- [    Test worker] s.w.s.m.m.a.RequestMappingHandlerMapping : Mapped "{[/error]}" onto public org.springframework.http.ResponseEntity<java.util.Map<java.lang.String, java.lang.Object>> org.springframework.boot.autoconfigure.web.BasicErrorController.error(javax.servlet.http.HttpServletRequest)
2017-12-06 01:52:46.540  INFO 14936 --- [    Test worker] s.w.s.m.m.a.RequestMappingHandlerMapping : Mapped "{[/error],produces=[text/html]}" onto public org.springframework.web.servlet.ModelAndView org.springframework.boot.autoconfigure.web.BasicErrorController.errorHtml(javax.servlet.http.HttpServletRequest,javax.servlet.http.HttpServletResponse)
2017-12-06 01:52:46.624  INFO 14936 --- [    Test worker] o.s.w.s.handler.SimpleUrlHandlerMapping  : Mapped URL path [/webjars/**] onto handler of type [class org.springframework.web.servlet.resource.ResourceHttpRequestHandler]
2017-12-06 01:52:46.624  INFO 14936 --- [    Test worker] o.s.w.s.handler.SimpleUrlHandlerMapping  : Mapped URL path [/**] onto handler of type [class org.springframework.web.servlet.resource.ResourceHttpRequestHandler]
2017-12-06 01:52:46.652  INFO 14936 --- [    Test worker] .m.m.a.ExceptionHandlerExceptionResolver : Detected @ExceptionHandler methods in CMSExceptionHandler
2017-12-06 01:52:46.688  INFO 14936 --- [    Test worker] o.s.w.s.handler.SimpleUrlHandlerMapping  : Mapped URL path [/**/favicon.ico] onto handler of type [class org.springframework.web.servlet.resource.ResourceHttpRequestHandler]
2017-12-06 01:52:47.176  INFO 14936 --- [    Test worker] o.s.b.a.e.mvc.EndpointHandlerMapping     : Mapped "{[/env/{name:.*}],methods=[GET],produces=[application/vnd.spring-boot.actuator.v1+json || application/json]}" onto public java.lang.Object org.springframework.boot.actuate.endpoint.mvc.EnvironmentMvcEndpoint.value(java.lang.String)
2017-12-06 01:52:47.176  INFO 14936 --- [    Test worker] o.s.b.a.e.mvc.EndpointHandlerMapping     : Mapped "{[/env || /env.json],methods=[GET],produces=[application/vnd.spring-boot.actuator.v1+json || application/json]}" onto public java.lang.Object org.springframework.boot.actuate.endpoint.mvc.EndpointMvcAdapter.invoke()
2017-12-06 01:52:47.176  INFO 14936 --- [    Test worker] o.s.b.a.e.mvc.EndpointHandlerMapping     : Mapped "{[/heapdump || /heapdump.json],methods=[GET],produces=[application/octet-stream]}" onto public void org.springframework.boot.actuate.endpoint.mvc.HeapdumpMvcEndpoint.invoke(boolean,javax.servlet.http.HttpServletRequest,javax.servlet.http.HttpServletResponse) throws java.io.IOException,javax.servlet.ServletException
2017-12-06 01:52:47.180  INFO 14936 --- [    Test worker] o.s.b.a.e.mvc.EndpointHandlerMapping     : Mapped "{[/loggers/{name:.*}],methods=[GET],produces=[application/vnd.spring-boot.actuator.v1+json || application/json]}" onto public java.lang.Object org.springframework.boot.actuate.endpoint.mvc.LoggersMvcEndpoint.get(java.lang.String)
2017-12-06 01:52:47.184  INFO 14936 --- [    Test worker] o.s.b.a.e.mvc.EndpointHandlerMapping     : Mapped "{[/loggers/{name:.*}],methods=[POST],consumes=[application/vnd.spring-boot.actuator.v1+json || application/json],produces=[application/vnd.spring-boot.actuator.v1+json || application/json]}" onto public java.lang.Object org.springframework.boot.actuate.endpoint.mvc.LoggersMvcEndpoint.set(java.lang.String,java.util.Map<java.lang.String, java.lang.String>)
2017-12-06 01:52:47.184  INFO 14936 --- [    Test worker] o.s.b.a.e.mvc.EndpointHandlerMapping     : Mapped "{[/loggers || /loggers.json],methods=[GET],produces=[application/vnd.spring-boot.actuator.v1+json || application/json]}" onto public java.lang.Object org.springframework.boot.actuate.endpoint.mvc.EndpointMvcAdapter.invoke()
2017-12-06 01:52:47.184  INFO 14936 --- [    Test worker] o.s.b.a.e.mvc.EndpointHandlerMapping     : Mapped "{[/dump || /dump.json],methods=[GET],produces=[application/vnd.spring-boot.actuator.v1+json || application/json]}" onto public java.lang.Object org.springframework.boot.actuate.endpoint.mvc.EndpointMvcAdapter.invoke()
2017-12-06 01:52:47.188  INFO 14936 --- [    Test worker] o.s.b.a.e.mvc.EndpointHandlerMapping     : Mapped "{[/health || /health.json],methods=[GET],produces=[application/vnd.spring-boot.actuator.v1+json || application/json]}" onto public java.lang.Object org.springframework.boot.actuate.endpoint.mvc.HealthMvcEndpoint.invoke(javax.servlet.http.HttpServletRequest,java.security.Principal)
2017-12-06 01:52:47.188  INFO 14936 --- [    Test worker] o.s.b.a.e.mvc.EndpointHandlerMapping     : Mapped "{[/mappings || /mappings.json],methods=[GET],produces=[application/vnd.spring-boot.actuator.v1+json || application/json]}" onto public java.lang.Object org.springframework.boot.actuate.endpoint.mvc.EndpointMvcAdapter.invoke()
2017-12-06 01:52:47.188  INFO 14936 --- [    Test worker] o.s.b.a.e.mvc.EndpointHandlerMapping     : Mapped "{[/info || /info.json],methods=[GET],produces=[application/vnd.spring-boot.actuator.v1+json || application/json]}" onto public java.lang.Object org.springframework.boot.actuate.endpoint.mvc.EndpointMvcAdapter.invoke()
2017-12-06 01:52:47.192  INFO 14936 --- [    Test worker] o.s.b.a.e.mvc.EndpointHandlerMapping     : Mapped "{[/configprops || /configprops.json],methods=[GET],produces=[application/vnd.spring-boot.actuator.v1+json || application/json]}" onto public java.lang.Object org.springframework.boot.actuate.endpoint.mvc.EndpointMvcAdapter.invoke()
2017-12-06 01:52:47.192  INFO 14936 --- [    Test worker] o.s.b.a.e.mvc.EndpointHandlerMapping     : Mapped "{[/metrics/{name:.*}],methods=[GET],produces=[application/vnd.spring-boot.actuator.v1+json || application/json]}" onto public java.lang.Object org.springframework.boot.actuate.endpoint.mvc.MetricsMvcEndpoint.value(java.lang.String)
2017-12-06 01:52:47.192  INFO 14936 --- [    Test worker] o.s.b.a.e.mvc.EndpointHandlerMapping     : Mapped "{[/metrics || /metrics.json],methods=[GET],produces=[application/vnd.spring-boot.actuator.v1+json || application/json]}" onto public java.lang.Object org.springframework.boot.actuate.endpoint.mvc.EndpointMvcAdapter.invoke()
2017-12-06 01:52:47.192  INFO 14936 --- [    Test worker] o.s.b.a.e.mvc.EndpointHandlerMapping     : Mapped "{[/trace || /trace.json],methods=[GET],produces=[application/vnd.spring-boot.actuator.v1+json || application/json]}" onto public java.lang.Object org.springframework.boot.actuate.endpoint.mvc.EndpointMvcAdapter.invoke()
2017-12-06 01:52:47.192  INFO 14936 --- [    Test worker] o.s.b.a.e.mvc.EndpointHandlerMapping     : Mapped "{[/beans || /beans.json],methods=[GET],produces=[application/vnd.spring-boot.actuator.v1+json || application/json]}" onto public java.lang.Object org.springframework.boot.actuate.endpoint.mvc.EndpointMvcAdapter.invoke()
2017-12-06 01:52:47.196  INFO 14936 --- [    Test worker] o.s.b.a.e.mvc.EndpointHandlerMapping     : Mapped "{[/auditevents || /auditevents.json],methods=[GET],produces=[application/vnd.spring-boot.actuator.v1+json || application/json]}" onto public org.springframework.http.ResponseEntity<?> org.springframework.boot.actuate.endpoint.mvc.AuditEventsMvcEndpoint.findByPrincipalAndAfterAndType(java.lang.String,java.util.Date,java.lang.String)
2017-12-06 01:52:47.196  INFO 14936 --- [    Test worker] o.s.b.a.e.mvc.EndpointHandlerMapping     : Mapped "{[/autoconfig || /autoconfig.json],methods=[GET],produces=[application/vnd.spring-boot.actuator.v1+json || application/json]}" onto public java.lang.Object org.springframework.boot.actuate.endpoint.mvc.EndpointMvcAdapter.invoke()
2017-12-06 01:52:47.584  INFO 14936 --- [    Test worker] c.s.cms.service.TestContactService       : Started TestContactService in 4.452 seconds (JVM running for 6.091)
]]></system-out>
  <system-err><![CDATA[]]></system-err>
</testsuite>
