<?xml version="1.0" encoding="UTF-8"?>
<testsuite name="com.symantec.cms.ContactApplicationTests" tests="0" skipped="0" failures="0" errors="0" timestamp="1970-01-01T00:00:00" hostname="INPUHJLP08134" time="0.0">
  <properties/>
  <system-out><![CDATA[01:52:42.652 [Test worker] DEBUG org.springframework.test.context.junit4.SpringJUnit4ClassRunner - SpringJUnit4ClassRunner constructor called with [class com.symantec.cms.ContactApplicationTests]
01:52:42.660 [Test worker] DEBUG org.springframework.test.context.BootstrapUtils - Instantiating CacheAwareContextLoaderDelegate from class [org.springframework.test.context.cache.DefaultCacheAwareContextLoaderDelegate]
01:52:42.680 [Test worker] DEBUG org.springframework.test.context.BootstrapUtils - Instantiating BootstrapContext using constructor [public org.springframework.test.context.support.DefaultBootstrapContext(java.lang.Class,org.springframework.test.context.CacheAwareContextLoaderDelegate)]
01:52:42.700 [Test worker] DEBUG org.springframework.test.context.BootstrapUtils - Instantiating TestContextBootstrapper for test class [com.symantec.cms.ContactApplicationTests] from class [org.springframework.boot.test.context.SpringBootTestContextBootstrapper]
01:52:42.736 [Test worker] INFO org.springframework.boot.test.context.SpringBootTestContextBootstrapper - Neither @ContextConfiguration nor @ContextHierarchy found for test class [com.symantec.cms.ContactApplicationTests], using SpringBootContextLoader
01:52:42.740 [Test worker] DEBUG org.springframework.test.context.support.AbstractContextLoader - Did not detect default resource location for test class [com.symantec.cms.ContactApplicationTests]: class path resource [com/symantec/cms/ContactApplicationTests-context.xml] does not exist
01:52:42.740 [Test worker] DEBUG org.springframework.test.context.support.AbstractContextLoader - Did not detect default resource location for test class [com.symantec.cms.ContactApplicationTests]: class path resource [com/symantec/cms/ContactApplicationTestsContext.groovy] does not exist
01:52:42.740 [Test worker] INFO org.springframework.test.context.support.AbstractContextLoader - Could not detect default resource locations for test class [com.symantec.cms.ContactApplicationTests]: no resource found for suffixes {-context.xml, Context.groovy}.
01:52:42.740 [Test worker] INFO org.springframework.test.context.support.AnnotationConfigContextLoaderUtils - Could not detect default configuration classes for test class [com.symantec.cms.ContactApplicationTests]: ContactApplicationTests does not declare any static, non-private, non-final, nested classes annotated with @Configuration.
01:52:42.824 [Test worker] DEBUG org.springframework.test.context.support.ActiveProfilesUtils - Could not find an 'annotation declaring class' for annotation type [org.springframework.test.context.ActiveProfiles] and class [com.symantec.cms.ContactApplicationTests]
01:52:42.836 [Test worker] DEBUG org.springframework.core.env.StandardEnvironment - Adding [systemProperties] PropertySource with lowest search precedence
01:52:42.836 [Test worker] DEBUG org.springframework.core.env.StandardEnvironment - Adding [systemEnvironment] PropertySource with lowest search precedence
01:52:42.836 [Test worker] DEBUG org.springframework.core.env.StandardEnvironment - Initialized StandardEnvironment with PropertySources [systemProperties,systemEnvironment]
01:52:42.852 [Test worker] DEBUG org.springframework.core.io.support.PathMatchingResourcePatternResolver - Resolved classpath location [com/symantec/cms/] to resources [URL [file:/C:/Users/rd00488188/eclipse-workspace/ContactManagementSystem/build/classes/test/com/symantec/cms/], URL [file:/C:/Users/rd00488188/eclipse-workspace/ContactManagementSystem/build/classes/main/com/symantec/cms/]]
01:52:42.852 [Test worker] DEBUG org.springframework.core.io.support.PathMatchingResourcePatternResolver - Looking for matching resources in directory tree [C:\Users\rd00488188\eclipse-workspace\ContactManagementSystem\build\classes\test\com\symantec\cms]
01:52:42.852 [Test worker] DEBUG org.springframework.core.io.support.PathMatchingResourcePatternResolver - Searching directory [C:\Users\rd00488188\eclipse-workspace\ContactManagementSystem\build\classes\test\com\symantec\cms] for files matching pattern [C:/Users/rd00488188/eclipse-workspace/ContactManagementSystem/build/classes/test/com/symantec/cms/*.class]
01:52:42.856 [Test worker] DEBUG org.springframework.core.io.support.PathMatchingResourcePatternResolver - Looking for matching resources in directory tree [C:\Users\rd00488188\eclipse-workspace\ContactManagementSystem\build\classes\main\com\symantec\cms]
01:52:42.860 [Test worker] DEBUG org.springframework.core.io.support.PathMatchingResourcePatternResolver - Searching directory [C:\Users\rd00488188\eclipse-workspace\ContactManagementSystem\build\classes\main\com\symantec\cms] for files matching pattern [C:/Users/rd00488188/eclipse-workspace/ContactManagementSystem/build/classes/main/com/symantec/cms/*.class]
01:52:42.864 [Test worker] DEBUG org.springframework.core.io.support.PathMatchingResourcePatternResolver - Resolved location pattern [classpath*:com/symantec/cms/*.class] to resources [file [C:\Users\rd00488188\eclipse-workspace\ContactManagementSystem\build\classes\test\com\symantec\cms\ContactApplicationTests.class], file [C:\Users\rd00488188\eclipse-workspace\ContactManagementSystem\build\classes\main\com\symantec\cms\ContactManagementApplication.class]]
01:52:42.912 [Test worker] DEBUG org.springframework.context.annotation.ClassPathScanningCandidateComponentProvider - Identified candidate component class: file [C:\Users\rd00488188\eclipse-workspace\ContactManagementSystem\build\classes\main\com\symantec\cms\ContactManagementApplication.class]
01:52:42.916 [Test worker] INFO org.springframework.boot.test.context.SpringBootTestContextBootstrapper - Found @SpringBootConfiguration com.symantec.cms.ContactManagementApplication for test class com.symantec.cms.ContactApplicationTests
01:52:42.924 [Test worker] DEBUG org.springframework.boot.test.context.SpringBootTestContextBootstrapper - @TestExecutionListeners is not present for class [com.symantec.cms.ContactApplicationTests]: using defaults.
01:52:42.932 [Test worker] INFO org.springframework.boot.test.context.SpringBootTestContextBootstrapper - Loaded default TestExecutionListener class names from location [META-INF/spring.factories]: [org.springframework.boot.test.mock.mockito.MockitoTestExecutionListener, org.springframework.boot.test.mock.mockito.ResetMocksTestExecutionListener, org.springframework.boot.test.autoconfigure.restdocs.RestDocsTestExecutionListener, org.springframework.boot.test.autoconfigure.web.client.MockRestServiceServerResetTestExecutionListener, org.springframework.boot.test.autoconfigure.web.servlet.MockMvcPrintOnlyOnFailureTestExecutionListener, org.springframework.boot.test.autoconfigure.web.servlet.WebDriverTestExecutionListener, org.springframework.test.context.web.ServletTestExecutionListener, org.springframework.test.context.support.DirtiesContextBeforeModesTestExecutionListener, org.springframework.test.context.support.DependencyInjectionTestExecutionListener, org.springframework.test.context.support.DirtiesContextTestExecutionListener, org.springframework.test.context.transaction.TransactionalTestExecutionListener, org.springframework.test.context.jdbc.SqlScriptsTestExecutionListener]
01:52:42.940 [Test worker] INFO org.springframework.boot.test.context.SpringBootTestContextBootstrapper - Could not instantiate TestExecutionListener [org.springframework.test.context.jdbc.SqlScriptsTestExecutionListener]. Specify custom listener classes or make the default listener classes (and their required dependencies) available. Offending class: [org/springframework/transaction/interceptor/TransactionAttribute]
01:52:42.944 [Test worker] INFO org.springframework.boot.test.context.SpringBootTestContextBootstrapper - Could not instantiate TestExecutionListener [org.springframework.test.context.transaction.TransactionalTestExecutionListener]. Specify custom listener classes or make the default listener classes (and their required dependencies) available. Offending class: [org/springframework/transaction/interceptor/TransactionAttributeSource]
01:52:42.948 [Test worker] INFO org.springframework.boot.test.context.SpringBootTestContextBootstrapper - Using TestExecutionListeners: [org.springframework.test.context.web.ServletTestExecutionListener@1aeff2df, org.springframework.test.context.support.DirtiesContextBeforeModesTestExecutionListener@6b07e181, org.springframework.boot.test.autoconfigure.SpringBootDependencyInjectionTestExecutionListener@40a0226e, org.springframework.test.context.support.DirtiesContextTestExecutionListener@42c01d46, org.springframework.boot.test.autoconfigure.web.client.MockRestServiceServerResetTestExecutionListener@27dc66cb, org.springframework.boot.test.mock.mockito.ResetMocksTestExecutionListener@73038058, org.springframework.boot.test.autoconfigure.restdocs.RestDocsTestExecutionListener@32f17f04, org.springframework.boot.test.autoconfigure.web.servlet.WebDriverTestExecutionListener@70996e31, org.springframework.boot.test.mock.mockito.MockitoTestExecutionListener@34b7a4d7, org.springframework.boot.test.autoconfigure.web.servlet.MockMvcPrintOnlyOnFailureTestExecutionListener@5b59e359]
01:52:42.956 [Test worker] DEBUG org.springframework.test.annotation.ProfileValueUtils - Retrieved @ProfileValueSourceConfiguration [null] for test class [com.symantec.cms.ContactApplicationTests]
01:52:42.956 [Test worker] DEBUG org.springframework.test.annotation.ProfileValueUtils - Retrieved ProfileValueSource type [class org.springframework.test.annotation.SystemProfileValueSource] for class [com.symantec.cms.ContactApplicationTests]
]]></system-out>
  <system-err><![CDATA[]]></system-err>
</testsuite>
